#
# A fatal error has been detected by the Java Runtime Environment:
#
#  EXCEPTION_ACCESS_VIOLATION (0xc0000005) at pc=0x0000000066c99b07, pid=12012, tid=9704
#
# JRE version:  (8.0_20-b26) (build )
# Java VM: Java HotSpot(TM) 64-Bit Server VM (25.20-b23 mixed mode windows-amd64 compressed oops)
# Problematic frame:
# V  [jvm.dll+0x1f9b07]
#
# Failed to write core dump. Minidumps are not enabled by default on client versions of Windows
#
# If you would like to submit a bug report, please visit:
#   http://bugreport.sun.com/bugreport/crash.jsp
#

---------------  T H R E A D  ---------------

Current thread (0x000000000029e800):  JavaThread "main" [_thread_in_vm, id=9704, stack(0x00000000021a0000,0x00000000022a0000)]

siginfo: ExceptionCode=0xc0000005, writing address 0x0000000002295fe0

Registers:
RAX=0x0000000002295fe0, RBX=0x0000000000000007, RCX=0x0000000000006000, RDX=0x000000000000001c
RSP=0x000000000229bfe0, RBP=0x0000000000000000, RSI=0x000000000229bfe0, RDI=0x0000000000000007
R8 =0x000000000000001c, R9 =0x0000000000298e70, R10=0x0000000056dbf0b8, R11=0x00000000021aa140
R12=0x0000000000298e70, R13=0x000000000029e800, R14=0x000000000229c110, R15=0x0000000056dbf0b8
RIP=0x0000000066c99b07, EFLAGS=0x0000000000010202

Top of Stack: (sp=0x000000000229bfe0)
0x000000000229bfe0:   0000000000000000 0000000016d091d0
0x000000000229bff0:   000000000029e800 0000000000298e70
0x000000000229c000:   00000000ffffffff 0000000066c9aa37
0x000000000229c010:   000000000229c110 0000000056dbf0b8
0x000000000229c020:   000000000029e800 0000000000000033
0x000000000229c030:   000000000000001c 0000000056dbef90
0x000000000229c040:   000000000029e800 000000000000001c
0x000000000229c050:   0000000056dbf0b8 000000000029e800
0x000000000229c060:   0000000002580e00 0000000056dbcb58
0x000000000229c070:   0000000056dbf180 000000000029e800
0x000000000229c080:   0000000001e87340 0000000001e87440
0x000000000229c090:   0000000001e87520 0000000056dbf0b8
0x000000000229c0a0:   000000000029e800 000000000229c130
0x000000000229c0b0:   0000000056d95778 000000000029e800
0x000000000229c0c0:   000000000229c258 000000000029e800
0x000000000229c0d0:   0000000000000003 000000000000006e 

Instructions: (pc=0x0000000066c99b07)
0x0000000066c99ae7:   48 89 6c 24 30 33 ed 66 90 e8 9b 5a 08 00 ff c3
0x0000000066c99af7:   48 63 c8 48 8b c6 48 0f af cf 48 ff c7 48 2b c1
0x0000000066c99b07:   89 28 48 63 c3 48 3b 05 ed 64 57 00 7e db 48 8b
0x0000000066c99b17:   6c 24 30 48 8b 5c 24 38 48 8b 74 24 40 48 83 c4 


Register to memory mapping:

RAX=0x0000000002295fe0 is pointing into the stack for thread: 0x000000000029e800
RBX=0x0000000000000007 is an unknown value
RCX=0x0000000000006000 is an unknown value
RDX=0x000000000000001c is an unknown value
RSP=0x000000000229bfe0 is pointing into the stack for thread: 0x000000000029e800
RBP=0x0000000000000000 is an unknown value
RSI=0x000000000229bfe0 is pointing into the stack for thread: 0x000000000029e800
RDI=0x0000000000000007 is an unknown value
R8 =0x000000000000001c is an unknown value
R9 =0x0000000000298e70 is an unknown value
R10={method} {0x0000000056dbf0c0} '<clinit>' '()V' in 'java/util/ArrayList'
R11=0x00000000021aa140 is pointing into the stack for thread: 0x000000000029e800
R12=0x0000000000298e70 is an unknown value
R13=0x000000000029e800 is a thread
R14=0x000000000229c110 is pointing into the stack for thread: 0x000000000029e800
R15={method} {0x0000000056dbf0c0} '<clinit>' '()V' in 'java/util/ArrayList'


Stack: [0x00000000021a0000,0x00000000022a0000],  sp=0x000000000229bfe0,  free space=1007k
Native frames: (J=compiled Java code, j=interpreted, Vv=VM code, C=native code)

Java frames: (J=compiled Java code, j=interpreted, Vv=VM code)
j  java.lang.Throwable.<clinit>()V+23
v  ~StubRoutines::call_stub
j  sun.misc.Unsafe.registerNatives()V+0
j  sun.misc.Unsafe.<clinit>()V+0
v  ~StubRoutines::call_stub
j  java.util.concurrent.atomic.AtomicInteger.<clinit>()V+0
v  ~StubRoutines::call_stub
j  java.lang.ThreadLocal.<clinit>()V+0
v  ~StubRoutines::call_stub
j  java.nio.charset.Charset.<clinit>()V+22
v  ~StubRoutines::call_stub
j  java.lang.System.initProperties(Ljava/util/Properties;)Ljava/util/Properties;+0
j  java.lang.System.initializeSystemClass()V+13
v  ~StubRoutines::call_stub

---------------  P R O C E S S  ---------------

Java Threads: ( => current thread )
  0x00000000576da000 JavaThread "Finalizer" daemon [_thread_blocked, id=8012, stack(0x00000000597c0000,0x00000000598c0000)]
  0x00000000576d1800 JavaThread "Reference Handler" daemon [_thread_blocked, id=5928, stack(0x0000000059a90000,0x0000000059b90000)]
=>0x000000000029e800 JavaThread "main" [_thread_in_vm, id=9704, stack(0x00000000021a0000,0x00000000022a0000)]

Other Threads:
  0x0000000058852800 VMThread [stack: 0x0000000059990000,0x0000000059a90000] [id=10732]

VM state:not at safepoint (normal execution)

VM Mutex/Monitor currently owned by a thread: None

Heap:
 PSYoungGen      total 38400K, used 1331K [0x00000000d5f80000, 0x00000000d8a00000, 0x0000000100000000)
  eden space 33280K, 4% used [0x00000000d5f80000,0x00000000d60ccd78,0x00000000d8000000)
  from space 5120K, 0% used [0x00000000d8500000,0x00000000d8500000,0x00000000d8a00000)
  to   space 5120K, 0% used [0x00000000d8000000,0x00000000d8000000,0x00000000d8500000)
 ParOldGen       total 87552K, used 0K [0x0000000081e00000, 0x0000000087380000, 0x00000000d5f80000)
  object space 87552K, 0% used [0x0000000081e00000,0x0000000081e00000,0x0000000087380000)
 Metaspace       used 931K, capacity 4480K, committed 4480K, reserved 1056768K
  class space    used 101K, capacity 384K, committed 384K, reserved 1048576K

Card table byte_map: [0x0000000011930000,0x0000000011d30000] byte_map_base: 0x0000000011521000

Marking Bits: (ParMarkBitMap*) 0x000000006727b460
 Begin Bits: [0x00000000129e0000, 0x0000000014968000)
 End Bits:   [0x0000000014968000, 0x00000000168f0000)

Polling page: 0x0000000000110000

CodeCache: size=245760Kb used=402Kb max_used=402Kb free=245357Kb
 bounds [0x0000000002570000, 0x00000000027e0000, 0x0000000011570000]
 total_blobs=100 nmethods=0 adapters=75
 compilation: enabled

Compilation events (0 events):
No events

GC Heap History (0 events):
No events

Deoptimization events (0 events):
No events

Internal exceptions (0 events):
No events

Events (10 events):
Event: 0.837 loading class java/lang/ThreadLocal
Event: 0.837 loading class java/lang/ThreadLocal done
Event: 0.837 loading class java/util/concurrent/atomic/AtomicInteger
Event: 0.837 loading class java/util/concurrent/atomic/AtomicInteger done
Event: 0.837 loading class java/lang/NoSuchMethodError
Event: 0.837 loading class java/lang/IncompatibleClassChangeError
Event: 0.837 loading class java/lang/IncompatibleClassChangeError done
Event: 0.838 loading class java/lang/NoSuchMethodError done
Event: 0.838 loading class java/util/ArrayList
Event: 0.838 loading class java/util/ArrayList done


Dynamic libraries:
0x000000013f400000 - 0x000000013f434000 	C:\ProgramData\Oracle\Java\javapath\java.exe
0x00000000774e0000 - 0x0000000077689000 	C:\Windows\SYSTEM32\ntdll.dll
0x00000000773c0000 - 0x00000000774df000 	C:\Windows\system32\kernel32.dll
0x000007fefd320000 - 0x000007fefd38c000 	C:\Windows\system32\KERNELBASE.dll
0x000007fefd6b0000 - 0x000007fefd78b000 	C:\Windows\system32\ADVAPI32.dll
0x000007fefdef0000 - 0x000007fefdf8f000 	C:\Windows\system32\msvcrt.dll
0x000007feff140000 - 0x000007feff15f000 	C:\Windows\SYSTEM32\sechost.dll
0x000007fefdc60000 - 0x000007fefdd8d000 	C:\Windows\system32\RPCRT4.dll
0x00000000772c0000 - 0x00000000773ba000 	C:\Windows\system32\USER32.dll
0x000007feff700000 - 0x000007feff767000 	C:\Windows\system32\GDI32.dll
0x000007fefd940000 - 0x000007fefd94e000 	C:\Windows\system32\LPK.dll
0x000007feff070000 - 0x000007feff139000 	C:\Windows\system32\USP10.dll
0x000007fefbd00000 - 0x000007fefbef4000 	C:\Windows\WinSxS\amd64_microsoft.windows.common-controls_6595b64144ccf1df_6.0.7601.17514_none_fa396087175ac9ac\COMCTL32.dll
0x000007feff620000 - 0x000007feff691000 	C:\Windows\system32\SHLWAPI.dll
0x000007fefd910000 - 0x000007fefd93e000 	C:\Windows\system32\IMM32.DLL
0x000007fefdde0000 - 0x000007fefdee9000 	C:\Windows\system32\MSCTF.dll
0x0000000067300000 - 0x00000000673d2000 	C:\Program Files\Java\jre1.8.0_20\bin\msvcr100.dll
0x0000000066aa0000 - 0x00000000672f8000 	C:\Program Files\Java\jre1.8.0_20\bin\server\jvm.dll
0x000007fef66b0000 - 0x000007fef66b9000 	C:\Windows\system32\WSOCK32.dll
0x000007fefdd90000 - 0x000007fefdddd000 	C:\Windows\system32\WS2_32.dll
0x000007fefd900000 - 0x000007fefd908000 	C:\Windows\system32\NSI.dll
0x000007fef8b60000 - 0x000007fef8b9b000 	C:\Windows\system32\WINMM.dll
0x00000000776a0000 - 0x00000000776a7000 	C:\Windows\system32\PSAPI.DLL
0x000000006e5d0000 - 0x000000006e5df000 	C:\Program Files\Java\jre1.8.0_20\bin\verify.dll
0x0000000069040000 - 0x0000000069068000 	C:\Program Files\Java\jre1.8.0_20\bin\java.dll
0x00000000695b0000 - 0x00000000695c6000 	C:\Program Files\Java\jre1.8.0_20\bin\zip.dll
0x000007fefe2e0000 - 0x000007feff068000 	C:\Windows\system32\SHELL32.dll
0x000007fefda30000 - 0x000007fefdc33000 	C:\Windows\system32\ole32.dll
0x000007fefd300000 - 0x000007fefd30f000 	C:\Windows\system32\profapi.dll
0x000007fee6e30000 - 0x000007fee6f55000 	C:\Windows\system32\dbghelp.dll

VM Arguments:
java_command: <unknown>
java_class_path (initial): .
Launcher Type: SUN_STANDARD

Environment Variables:
PATH=C:\ProgramData\Oracle\Java\javapath;C:\Program Files (x86)\Google\Chrome\Application;C:\Program Files (x86)\Intel\iCLS Client\;C:\Program Files\Intel\iCLS Client\;C:\Windows\system32;C:\Windows;C:\Windows\System32\Wbem;C:\Windows\System32\WindowsPowerShell\v1.0\;C:\Program Files\Intel\Intel(R) Management Engine Components\DAL;C:\Program Files\Intel\Intel(R) Management Engine Components\IPT;C:\Program Files (x86)\Intel\Intel(R) Management Engine Components\DAL;C:\Program Files (x86)\Intel\Intel(R) Management Engine Components\IPT;C:\Program Files\Intel\WiFi\bin\;C:\Program Files\Common Files\Intel\WirelessCommon\;C:\Program Files (x86)\ATI Technologies\ATI.ACE\Core-Static;C:\Program Files\nodejs\;C:\Program Files\Intel\WiFi\bin\;C:\Program Files\Common Files\Intel\WirelessCommon\;C:\;C:\msysgit\bin;C:\msysgit\cmd;C:\Program Files\CMake 2.8\bin;C:\MinGW\bin;C:\MinGW\msys\1.0\bin;C:\Users\Freeman\AppData\Roaming\npm;C:\adb;C:\Program Files\Intel\WiFi\bin\;C:\Program Files\Common Files\Intel\WirelessCommon\;C:\;C:\msysgit\bin;C:\msysgit\cmd;C:\Program Files\CMake 2.8\bin;C:\MinGW\bin;C:\MinGW\msys\1.0\bin;C:\Users\Freeman\AppData\Roaming\npm;C:\Program Files\Java\jdk1.7.0_07\bin;C:\Program Files\Java\jdk1.8.0_11\bin
USERNAME=Freeman
OS=Windows_NT
PROCESSOR_IDENTIFIER=Intel64 Family 6 Model 58 Stepping 9, GenuineIntel



---------------  S Y S T E M  ---------------

OS: Windows 7 , 64 bit Build 7601 Service Pack 1

CPU:total 8 (4 cores per cpu, 2 threads per core) family 6 model 58 stepping 9, cmov, cx8, fxsr, mmx, sse, sse2, sse3, ssse3, sse4.1, sse4.2, popcnt, avx, aes, clmul, erms, ht, tsc, tscinvbit, tscinv

Memory: 4k page, physical 8260972k(803988k free), swap 14548516k(570708k free)

vm_info: Java HotSpot(TM) 64-Bit Server VM (25.20-b23) for windows-amd64 JRE (1.8.0_20-b26), built on Jul 30 2014 13:51:23 by "java_re" with MS VC++ 10.0 (VS2010)

time: Sat Sep 20 21:20:42 2014
elapsed time: 2 seconds (0d 0h 0m 2s)

